<?xml version="1.0" encoding="UTF-8"?>
<testng-results ignored="0" total="1" passed="1" failed="0" skipped="0">
  <reporter-output>
  </reporter-output>
  <suite started-at="2020-12-18T19:36:09 IST" name="Test1" finished-at="2020-12-18T19:36:26 IST" duration-ms="16907">
    <groups>
    </groups>
    <test started-at="2020-12-18T19:36:09 IST" name="Command line test" finished-at="2020-12-18T19:36:26 IST" duration-ms="16907">
      <class name="Test1">
        <test-method signature="testing()[pri:0, instance:Test1@df27fae]" started-at="2020-12-18T19:36:09 IST" name="testing" finished-at="2020-12-18T19:36:26 IST" duration-ms="16868" status="PASS">
          <reporter-output>
          </reporter-output>
        </test-method> <!-- testing -->
      </class> <!-- Test1 -->
    </test> <!-- Command line test -->
  </suite> <!-- Test1 -->
</testng-results>
